[debug] [2018-10-11T02:17:28.573Z] ----------------------------------------------------------------------
[debug] [2018-10-11T02:17:28.576Z] Command:       /usr/bin/node /usr/local/bin/firebase init
[debug] [2018-10-11T02:17:28.576Z] CLI Version:   5.0.0
[debug] [2018-10-11T02:17:28.576Z] Platform:      linux
[debug] [2018-10-11T02:17:28.576Z] Node Version:  v8.10.0
[debug] [2018-10-11T02:17:28.577Z] Time:          Thu Oct 11 2018 13:17:28 GMT+1100 (DST)
[debug] [2018-10-11T02:17:28.577Z] ----------------------------------------------------------------------
[debug] 
[debug] [2018-10-11T02:17:28.618Z] > command requires scopes: ["email","openid","https://www.googleapis.com/auth/cloudplatformprojects.readonly","https://www.googleapis.com/auth/firebase","https://www.googleapis.com/auth/cloud-platform"]
[debug] [2018-10-11T02:17:28.619Z] > authorizing via signed-in user
[info] 
     ######## #### ########  ######## ########     ###     ######  ########
     ##        ##  ##     ## ##       ##     ##  ##   ##  ##       ##
     ######    ##  ########  ######   ########  #########  ######  ######
     ##        ##  ##    ##  ##       ##     ## ##     ##       ## ##
     ##       #### ##     ## ######## ########  ##     ##  ######  ########

You're about to initialize a Firebase project in this directory:

  /mnt/c/Users/Mark/Desktop/Work/BookingFirestore/BookingSystem

Before we get started, keep in mind:

  * You are currently outside your home directory

